<?xml version="1.0" encoding="UTF-8"?>
<testng-results ignored="0" total="1" passed="1" failed="0" skipped="0">
  <reporter-output>
  </reporter-output>
  <suite started-at="2021-07-09T18:25:24 CDT" name="Default suite" finished-at="2021-07-09T18:25:35 CDT" duration-ms="10914">
    <groups>
    </groups>
    <test started-at="2021-07-09T18:25:24 CDT" name="Default test" finished-at="2021-07-09T18:25:35 CDT" duration-ms="10914">
      <class name="TestNG.DuplicateCategory">
        <test-method signature="ValidateMonths()[pri:0, instance:TestNG.DuplicateCategory@59af0466]" started-at="2021-07-09T18:25:24 CDT" name="ValidateMonths" finished-at="2021-07-09T18:25:35 CDT" duration-ms="10801" status="PASS">
          <reporter-output>
          </reporter-output>
        </test-method> <!-- ValidateMonths -->
      </class> <!-- TestNG.DuplicateCategory -->
    </test> <!-- Default test -->
  </suite> <!-- Default suite -->
</testng-results>
